<?xml version="1.0" encoding="UTF-8"?>
<testng-results ignored="0" total="1" passed="1" failed="0" skipped="0">
  <reporter-output>
  </reporter-output>
  <suite started-at="2022-01-05T11:33:38Z" name="Default suite" finished-at="2022-01-05T11:33:49Z" duration-ms="11513">
    <groups>
    </groups>
    <test started-at="2022-01-05T11:33:38Z" name="Default test" finished-at="2022-01-05T11:33:49Z" duration-ms="11513">
      <class name="TestCases.ExecuteTest">
        <test-method signature="testLogin()[pri:0, instance:TestCases.ExecuteTest@3e27ba32]" started-at="2022-01-05T11:33:38Z" name="testLogin" finished-at="2022-01-05T11:33:49Z" duration-ms="11458" status="PASS">
          <reporter-output>
          </reporter-output>
        </test-method> <!-- testLogin -->
      </class> <!-- TestCases.ExecuteTest -->
    </test> <!-- Default test -->
  </suite> <!-- Default suite -->
</testng-results>
